<?xml version="1.0" encoding="UTF-8"?>
<!-- Generated by org.testng.reporters.JUnitXMLReporter -->
<testsuite ignored="0" hostname="LAPTOP-8SEKENFG" failures="0" tests="2" name="Default test" time="0.071" errors="0" timestamp="2024-11-26T15:38:30 IST">
  <testcase classname="com.crm.comcast.contacttest.CreateContactTest" name="createContactTest" time="0.006"/>
  <testcase classname="com.crm.comcast.contacttest.CreateContactTest" name="createContactWithDate" time="0.005"/>
</testsuite> <!-- Default test -->
